nohup: ignoring input
2026-03-02 17:23:00,041 [INFO] sync_job: Initializing Sync Job environment...
2026-03-02 17:23:00,041 [INFO] sync_job: Starting scheduled PokeTCG Sync Job at 2026-03-02 16:23:00.041900 (UTC)
2026-03-02 17:23:00,042 [INFO] sync_job: Executing Phase 1: Sets and Cards synchronization...
[2026-03-02 16:23:00.042086] Starting Incremental Sets/Cards Sync...
2026-03-02 17:23:01,042 [INFO] httpx: HTTP Request: GET https://api.tcgdex.net/v2/en/sets "HTTP/1.1 200 OK"
Sets synced. Added 0 new sets.
2026-03-02 17:23:01,514 [INFO] httpx: HTTP Request: GET https://api.tcgdex.net/v2/en/cards "HTTP/1.1 200 OK"
Found 1 new cards to process.
2026-03-02 17:23:03,816 [INFO] httpx: HTTP Request: GET https://api.tcgdex.net/v2/en/cards/exu-%3F "HTTP/1.1 404 Not Found"
Sets/Cards Sync Finished.
2026-03-02 17:23:04,026 [INFO] sync_job: Executing Phase 2: Price synchronization...
[2026-03-02 16:23:04.026882] Starting Price Sync (Smart Strategy)...
Total Cards: 22754. Scheduled for check: 20262
Breakdown: ENRICH=19984, HOT=278, STABLE=0, COLD=0, NEW=0
Enriching Dex ID 555 from PokéAPI...
Enriching Dex ID 1 from PokéAPI...
Enriching Dex ID 43 from PokéAPI...
Enriching Dex ID 150 from PokéAPI...
Enriching Dex ID 11 from PokéAPI...
Enriching Dex ID 624 from PokéAPI...
Enriching Dex ID 657 from PokéAPI...
Enriching Dex ID 38 from PokéAPI...
Enriching Dex ID 13 from PokéAPI...
[16:24:30] Progress: 100/20262 (0.5%) - Updates: 21
Enriching Dex ID 845 from PokéAPI...
Enriching Dex ID 888 from PokéAPI...
Enriching Dex ID 122 from PokéAPI...
Enriching Dex ID 25 from PokéAPI...
Enriching Dex ID 46 from PokéAPI...
Enriching Dex ID 942 from PokéAPI...
Enriching Dex ID 111 from PokéAPI...
Enriching Dex ID 376 from PokéAPI...
Enriching Dex ID 381 from PokéAPI...
Enriching Dex ID 123 from PokéAPI...
[16:25:50] Progress: 200/20262 (1.0%) - Updates: 40
Enriching Dex ID 149 from PokéAPI...
Enriching Dex ID 331 from PokéAPI...
Enriching Dex ID 133 from PokéAPI...
Enriching Dex ID 214 from PokéAPI...
Enriching Dex ID 511 from PokéAPI...
Enriching Dex ID 560 from PokéAPI...
Enriching Dex ID 169 from PokéAPI...
Enriching Dex ID 59 from PokéAPI...
Enriching Dex ID 386 from PokéAPI...
Enriching Dex ID 252 from PokéAPI...
Enriching Dex ID 248 from PokéAPI...
Enriching Dex ID 114 from PokéAPI...
Enriching Dex ID 540 from PokéAPI...
Enriching Dex ID 465 from PokéAPI...
Enriching Dex ID 143 from PokéAPI...
Enriching Dex ID 273 from PokéAPI...
[16:27:10] Progress: 300/20262 (1.5%) - Updates: 69
Enriching Dex ID 588 from PokéAPI...
Enriching Dex ID 125 from PokéAPI...
Enriching Dex ID 549 from PokéAPI...
Enriching Dex ID 151 from PokéAPI...
Enriching Dex ID 6 from PokéAPI...
Enriching Dex ID 270 from PokéAPI...
Enriching Dex ID 546 from PokéAPI...
Enriching Dex ID 10 from PokéAPI...
Enriching Dex ID 51 from PokéAPI...
Enriching Dex ID 492 from PokéAPI...
Enriching Dex ID 634 from PokéAPI...
Enriching Dex ID 470 from PokéAPI...
Enriching Dex ID 542 from PokéAPI...
Enriching Dex ID 154 from PokéAPI...
Enriching Dex ID 541 from PokéAPI...
Enriching Dex ID 616 from PokéAPI...
[16:28:25] Progress: 400/20262 (2.0%) - Updates: 94
Enriching Dex ID 590 from PokéAPI...
Enriching Dex ID 889 from PokéAPI...
Enriching Dex ID 34 from PokéAPI...
Enriching Dex ID 491 from PokéAPI...
Enriching Dex ID 4 from PokéAPI...
Enriching Dex ID 275 from PokéAPI...
Enriching Dex ID 3 from PokéAPI...
Enriching Dex ID 272 from PokéAPI...
Enriching Dex ID 308 from PokéAPI...
Enriching Dex ID 723 from PokéAPI...
Enriching Dex ID 469 from PokéAPI...
Enriching Dex ID 146 from PokéAPI...
Enriching Dex ID 758 from PokéAPI...
Enriching Dex ID 14 from PokéAPI...
[16:29:38] Progress: 500/20262 (2.5%) - Updates: 118
Enriching Dex ID 189 from PokéAPI...
Enriching Dex ID 709 from PokéAPI...
Enriching Dex ID 343 from PokéAPI...
Enriching Dex ID 948 from PokéAPI...
Enriching Dex ID 26 from PokéAPI...
Enriching Dex ID 636 from PokéAPI...
Enriching Dex ID 708 from PokéAPI...
Enriching Dex ID 548 from PokéAPI...
Enriching Dex ID 906 from PokéAPI...
Enriching Dex ID 9 from PokéAPI...
Enriching Dex ID 448 from PokéAPI...
Enriching Dex ID 21 from PokéAPI...
Enriching Dex ID 126 from PokéAPI...
Enriching Dex ID 142 from PokéAPI...
Enriching Dex ID 262 from PokéAPI...
Enriching Dex ID 255 from PokéAPI...
Enriching Dex ID 761 from PokéAPI...
Enriching Dex ID 257 from PokéAPI...
Enriching Dex ID 45 from PokéAPI...
Enriching Dex ID 53 from PokéAPI...
Enriching Dex ID 600 from PokéAPI...
Enriching Dex ID 390 from PokéAPI...
[16:30:53] Progress: 600/20262 (3.0%) - Updates: 140
Enriching Dex ID 494 from PokéAPI...
Enriching Dex ID 917 from PokéAPI...
Enriching Dex ID 571 from PokéAPI...
Enriching Dex ID 762 from PokéAPI...
Enriching Dex ID 722 from PokéAPI...
Enriching Dex ID 782 from PokéAPI...
Enriching Dex ID 77 from PokéAPI...
Enriching Dex ID 919 from PokéAPI...
Enriching Dex ID 1010 from PokéAPI...
Enriching Dex ID 129 from PokéAPI...
Enriching Dex ID 513 from PokéAPI...
Enriching Dex ID 39 from PokéAPI...
Enriching Dex ID 5 from PokéAPI...
Enriching Dex ID 15 from PokéAPI...
Enriching Dex ID 253 from PokéAPI...
Enriching Dex ID 37 from PokéAPI...
Enriching Dex ID 197 from PokéAPI...
Enriching Dex ID 483 from PokéAPI...
Enriching Dex ID 228 from PokéAPI...
Enriching Dex ID 332 from PokéAPI...
Enriching Dex ID 1011 from PokéAPI...
Enriching Dex ID 130 from PokéAPI...
Enriching Dex ID 479 from PokéAPI...
Enriching Dex ID 289 from PokéAPI...
Enriching Dex ID 645 from PokéAPI...
Enriching Dex ID 282 from PokéAPI...
Enriching Dex ID 244 from PokéAPI...
[16:32:06] Progress: 700/20262 (3.5%) - Updates: 167
Enriching Dex ID 250 from PokéAPI...
Enriching Dex ID 643 from PokéAPI...
Enriching Dex ID 656 from PokéAPI...
Enriching Dex ID 82 from PokéAPI...
Enriching Dex ID 7 from PokéAPI...
Enriching Dex ID 323 from PokéAPI...
Enriching Dex ID 357 from PokéAPI...
Enriching Dex ID 780 from PokéAPI...
Enriching Dex ID 419 from PokéAPI...
Enriching Dex ID 256 from PokéAPI...
Enriching Dex ID 884 from PokéAPI...
Enriching Dex ID 19 from PokéAPI...
Enriching Dex ID 52 from PokéAPI...
Enriching Dex ID 165 from PokéAPI...
Enriching Dex ID 265 from PokéAPI...
Enriching Dex ID 87 from PokéAPI...
Enriching Dex ID 310 from PokéAPI...
Enriching Dex ID 607 from PokéAPI...
Enriching Dex ID 490 from PokéAPI...
Enriching Dex ID 54 from PokéAPI...
Enriching Dex ID 498 from PokéAPI...
Enriching Dex ID 334 from PokéAPI...
Enriching Dex ID 198 from PokéAPI...
Enriching Dex ID 527 from PokéAPI...
Enriching Dex ID 65 from PokéAPI...
Enriching Dex ID 144 from PokéAPI...
[16:33:21] Progress: 800/20262 (3.9%) - Updates: 193
Enriching Dex ID 683 from PokéAPI...
Enriching Dex ID 459 from PokéAPI...
Enriching Dex ID 351 from PokéAPI...
Enriching Dex ID 101 from PokéAPI...
Enriching Dex ID 136 from PokéAPI...
Enriching Dex ID 128 from PokéAPI...
Enriching Dex ID 661 from PokéAPI...
Enriching Dex ID 324 from PokéAPI...
Enriching Dex ID 158 from PokéAPI...
Enriching Dex ID 384 from PokéAPI...
Enriching Dex ID 382 from PokéAPI...
Enriching Dex ID 201 from PokéAPI...
Enriching Dex ID 655 from PokéAPI...
Enriching Dex ID 145 from PokéAPI...
Enriching Dex ID 1017 from PokéAPI...
Enriching Dex ID 500 from PokéAPI...
Enriching Dex ID 725 from PokéAPI...
Enriching Dex ID 393 from PokéAPI...
Enriching Dex ID 218 from PokéAPI...
Enriching Dex ID 450 from PokéAPI...
Enriching Dex ID 58 from PokéAPI...
Enriching Dex ID 89 from PokéAPI...
[16:34:32] Progress: 900/20262 (4.4%) - Updates: 215
Enriching Dex ID 400 from PokéAPI...
Enriching Dex ID 219 from PokéAPI...
Enriching Dex ID 315 from PokéAPI...
Enriching Dex ID 220 from PokéAPI...
Enriching Dex ID 251 from PokéAPI...
Enriching Dex ID 290 from PokéAPI...
Enriching Dex ID 373 from PokéAPI...
Enriching Dex ID 641 from PokéAPI...
Enriching Dex ID 245 from PokéAPI...
Enriching Dex ID 120 from PokéAPI...
Enriching Dex ID 663 from PokéAPI...
Enriching Dex ID 135 from PokéAPI...
Enriching Dex ID 57 from PokéAPI...
Enriching Dex ID 662 from PokéAPI...
Enriching Dex ID 626 from PokéAPI...
Enriching Dex ID 131 from PokéAPI...
Enriching Dex ID 117 from PokéAPI...
Enriching Dex ID 684 from PokéAPI...
Enriching Dex ID 667 from PokéAPI...
Enriching Dex ID 553 from PokéAPI...
Enriching Dex ID 507 from PokéAPI...
Enriching Dex ID 227 from PokéAPI...
Enriching Dex ID 216 from PokéAPI...
Enriching Dex ID 116 from PokéAPI...
[16:35:46] Progress: 1000/20262 (4.9%) - Updates: 239
Enriching Dex ID 173 from PokéAPI...
Enriching Dex ID 418 from PokéAPI...
Enriching Dex ID 249 from PokéAPI...
Enriching Dex ID 609 from PokéAPI...
Enriching Dex ID 487 from PokéAPI...
Enriching Dex ID 714 from PokéAPI...
Enriching Dex ID 852 from PokéAPI...
Enriching Dex ID 258 from PokéAPI...
Enriching Dex ID 212 from PokéAPI...
Enriching Dex ID 554 from PokéAPI...
Enriching Dex ID 383 from PokéAPI...
Enriching Dex ID 124 from PokéAPI...
Enriching Dex ID 318 from PokéAPI...
Enriching Dex ID 618 from PokéAPI...
Enriching Dex ID 93 from PokéAPI...
Enriching Dex ID 909 from PokéAPI...
Enriching Dex ID 94 from PokéAPI...
Enriching Dex ID 380 from PokéAPI...
Enriching Dex ID 776 from PokéAPI...
[16:37:00] Progress: 1100/20262 (5.4%) - Updates: 258
Enriching Dex ID 580 from PokéAPI...
Enriching Dex ID 112 from PokéAPI...
Enriching Dex ID 118 from PokéAPI...
Enriching Dex ID 519 from PokéAPI...
Enriching Dex ID 271 from PokéAPI...
Enriching Dex ID 183 from PokéAPI...
Enriching Dex ID 115 from PokéAPI...
Enriching Dex ID 348 from PokéAPI...
Enriching Dex ID 330 from PokéAPI...
Enriching Dex ID 395 from PokéAPI...
Enriching Dex ID 477 from PokéAPI...
Enriching Dex ID 364 from PokéAPI...
Enriching Dex ID 358 from PokéAPI...
Enriching Dex ID 293 from PokéAPI...
Enriching Dex ID 148 from PokéAPI...
Enriching Dex ID 350 from PokéAPI...
Enriching Dex ID 171 from PokéAPI...
Enriching Dex ID 692 from PokéAPI...
Enriching Dex ID 840 from PokéAPI...
Enriching Dex ID 12 from PokéAPI...
Enriching Dex ID 369 from PokéAPI...
Enriching Dex ID 147 from PokéAPI...
[16:38:14] Progress: 1200/20262 (5.9%) - Updates: 280
Enriching Dex ID 935 from PokéAPI...
Enriching Dex ID 132 from PokéAPI...
Enriching Dex ID 359 from PokéAPI...
Enriching Dex ID 28 from PokéAPI...
Enriching Dex ID 649 from PokéAPI...
Enriching Dex ID 181 from PokéAPI...
Enriching Dex ID 24 from PokéAPI...
Enriching Dex ID 959 from PokéAPI...
Enriching Dex ID 644 from PokéAPI...
Enriching Dex ID 687 from PokéAPI...
Enriching Dex ID 206 from PokéAPI...
Enriching Dex ID 595 from PokéAPI...
Enriching Dex ID 60 from PokéAPI...
Enriching Dex ID 305 from PokéAPI...
Enriching Dex ID 240 from PokéAPI...
Enriching Dex ID 326 from PokéAPI...
Enriching Dex ID 341 from PokéAPI...
Enriching Dex ID 535 from PokéAPI...
Enriching Dex ID 613 from PokéAPI...
Enriching Dex ID 466 from PokéAPI...
[16:39:26] Progress: 1300/20262 (6.4%) - Updates: 300
Enriching Dex ID 42 from PokéAPI...
Enriching Dex ID 447 from PokéAPI...
Enriching Dex ID 55 from PokéAPI...
Enriching Dex ID 460 from PokéAPI...
Enriching Dex ID 815 from PokéAPI...
Enriching Dex ID 625 from PokéAPI...
Enriching Dex ID 582 from PokéAPI...
Enriching Dex ID 32 from PokéAPI...
Enriching Dex ID 628 from PokéAPI...
Enriching Dex ID 68 from PokéAPI...
Enriching Dex ID 8 from PokéAPI...
Enriching Dex ID 292 from PokéAPI...
Enriching Dex ID 403 from PokéAPI...
Enriching Dex ID 74 from PokéAPI...
Enriching Dex ID 646 from PokéAPI...
Enriching Dex ID 152 from PokéAPI...
Enriching Dex ID 481 from PokéAPI...
Enriching Dex ID 375 from PokéAPI...
Enriching Dex ID 222 from PokéAPI...
Enriching Dex ID 735 from PokéAPI...
Enriching Dex ID 363 from PokéAPI...
Enriching Dex ID 119 from PokéAPI...
[16:40:40] Progress: 1400/20262 (6.9%) - Updates: 322
Enriching Dex ID 504 from PokéAPI...
Enriching Dex ID 172 from PokéAPI...
Enriching Dex ID 168 from PokéAPI...
Enriching Dex ID 76 from PokéAPI...
Enriching Dex ID 179 from PokéAPI...
Enriching Dex ID 75 from PokéAPI...
Enriching Dex ID 612 from PokéAPI...
Enriching Dex ID 229 from PokéAPI...
Enriching Dex ID 329 from PokéAPI...
Enriching Dex ID 659 from PokéAPI...
Enriching Dex ID 875 from PokéAPI...
Enriching Dex ID 757 from PokéAPI...
Enriching Dex ID 113 from PokéAPI...
Enriching Dex ID 751 from PokéAPI...
Enriching Dex ID 319 from PokéAPI...
Enriching Dex ID 100 from PokéAPI...
Enriching Dex ID 247 from PokéAPI...
Enriching Dex ID 302 from PokéAPI...
Enriching Dex ID 647 from PokéAPI...
Enriching Dex ID 566 from PokéAPI...
Enriching Dex ID 407 from PokéAPI...
Enriching Dex ID 309 from PokéAPI...
Enriching Dex ID 23 from PokéAPI...
[16:41:59] Progress: 1500/20262 (7.4%) - Updates: 345
Enriching Dex ID 243 from PokéAPI...
Enriching Dex ID 107 from PokéAPI...
Enriching Dex ID 454 from PokéAPI...
Enriching Dex ID 196 from PokéAPI...
Enriching Dex ID 530 from PokéAPI...
Enriching Dex ID 389 from PokéAPI...
Enriching Dex ID 202 from PokéAPI...
Enriching Dex ID 69 from PokéAPI...
Enriching Dex ID 44 from PokéAPI...
Enriching Dex ID 371 from PokéAPI...
Enriching Dex ID 561 from PokéAPI...
Enriching Dex ID 96 from PokéAPI...
Enriching Dex ID 686 from PokéAPI...
Enriching Dex ID 134 from PokéAPI...
Enriching Dex ID 20 from PokéAPI...
Enriching Dex ID 281 from PokéAPI...
Enriching Dex ID 97 from PokéAPI...
Enriching Dex ID 215 from PokéAPI...
Enriching Dex ID 81 from PokéAPI...
[16:43:16] Progress: 1600/20262 (7.9%) - Updates: 364
Enriching Dex ID 484 from PokéAPI...
Enriching Dex ID 2 from PokéAPI...
Enriching Dex ID 1019 from PokéAPI...
Enriching Dex ID 78 from PokéAPI...
Enriching Dex ID 246 from PokéAPI...
Enriching Dex ID 156 from PokéAPI...
Enriching Dex ID 681 from PokéAPI...
Enriching Dex ID 417 from PokéAPI...
Enriching Dex ID 80 from PokéAPI...
Enriching Dex ID 41 from PokéAPI...
Enriching Dex ID 40 from PokéAPI...
Enriching Dex ID 193 from PokéAPI...
Enriching Dex ID 455 from PokéAPI...
Enriching Dex ID 478 from PokéAPI...
Enriching Dex ID 632 from PokéAPI...
Enriching Dex ID 35 from PokéAPI...
Enriching Dex ID 103 from PokéAPI...
Enriching Dex ID 335 from PokéAPI...
Enriching Dex ID 372 from PokéAPI...
Enriching Dex ID 56 from PokéAPI...
[16:44:34] Progress: 1700/20262 (8.4%) - Updates: 384
Enriching Dex ID 901 from PokéAPI...
Enriching Dex ID 677 from PokéAPI...
Enriching Dex ID 325 from PokéAPI...
Enriching Dex ID 471 from PokéAPI...
Enriching Dex ID 187 from PokéAPI...
Enriching Dex ID 437 from PokéAPI...
Enriching Dex ID 285 from PokéAPI...
Enriching Dex ID 175 from PokéAPI...
Enriching Dex ID 33 from PokéAPI...
Enriching Dex ID 741 from PokéAPI...
Enriching Dex ID 394 from PokéAPI...
Enriching Dex ID 420 from PokéAPI...
Enriching Dex ID 592 from PokéAPI...
Enriching Dex ID 85 from PokéAPI...
[16:45:49] Progress: 1800/20262 (8.9%) - Updates: 399
Enriching Dex ID 587 from PokéAPI...
Enriching Dex ID 426 from PokéAPI...
Enriching Dex ID 66 from PokéAPI...
Enriching Dex ID 200 from PokéAPI...
Enriching Dex ID 412 from PokéAPI...
Enriching Dex ID 622 from PokéAPI...
Enriching Dex ID 72 from PokéAPI...
Enriching Dex ID 280 from PokéAPI...
Enriching Dex ID 568 from PokéAPI...
Enriching Dex ID 911 from PokéAPI...
Enriching Dex ID 127 from PokéAPI...
[16:47:04] Progress: 1900/20262 (9.4%) - Updates: 411
Enriching Dex ID 239 from PokéAPI...
Enriching Dex ID 738 from PokéAPI...
Enriching Dex ID 322 from PokéAPI...
Enriching Dex ID 36 from PokéAPI...
Enriching Dex ID 374 from PokéAPI...
Enriching Dex ID 445 from PokéAPI...
Enriching Dex ID 291 from PokéAPI...
Enriching Dex ID 355 from PokéAPI...
Enriching Dex ID 385 from PokéAPI...
Enriching Dex ID 138 from PokéAPI...
Enriching Dex ID 949 from PokéAPI...
Enriching Dex ID 807 from PokéAPI...
Enriching Dex ID 205 from PokéAPI...
Enriching Dex ID 155 from PokéAPI...
Enriching Dex ID 204 from PokéAPI...
Enriching Dex ID 95 from PokéAPI...
Enriching Dex ID 312 from PokéAPI...
Enriching Dex ID 337 from PokéAPI...
Enriching Dex ID 461 from PokéAPI...
Enriching Dex ID 964 from PokéAPI...
[16:48:19] Progress: 2000/20262 (9.9%) - Updates: 431
Enriching Dex ID 522 from PokéAPI...
Enriching Dex ID 453 from PokéAPI...
Enriching Dex ID 86 from PokéAPI...
Enriching Dex ID 746 from PokéAPI...
Enriching Dex ID 336 from PokéAPI...
Enriching Dex ID 109 from PokéAPI...
Enriching Dex ID 356 from PokéAPI...
Enriching Dex ID 92 from PokéAPI...
Enriching Dex ID 63 from PokéAPI...
Enriching Dex ID 90 from PokéAPI...
Enriching Dex ID 602 from PokéAPI...
Enriching Dex ID 226 from PokéAPI...
Enriching Dex ID 974 from PokéAPI...
[16:49:35] Progress: 2100/20262 (10.4%) - Updates: 444
Enriching Dex ID 261 from PokéAPI...
Enriching Dex ID 361 from PokéAPI...
Enriching Dex ID 67 from PokéAPI...
Enriching Dex ID 18 from PokéAPI...
Enriching Dex ID 965 from PokéAPI...
Enriching Dex ID 441 from PokéAPI...
Enriching Dex ID 552 from PokéAPI...
Enriching Dex ID 802 from PokéAPI...
Enriching Dex ID 429 from PokéAPI...
Enriching Dex ID 296 from PokéAPI...
Enriching Dex ID 163 from PokéAPI...
Enriching Dex ID 139 from PokéAPI...
Enriching Dex ID 333 from PokéAPI...
Enriching Dex ID 354 from PokéAPI...
Enriching Dex ID 936 from PokéAPI...
[16:50:49] Progress: 2200/20262 (10.9%) - Updates: 459
Enriching Dex ID 207 from PokéAPI...
Enriching Dex ID 177 from PokéAPI...
Enriching Dex ID 353 from PokéAPI...
Enriching Dex ID 608 from PokéAPI...
Enriching Dex ID 180 from PokéAPI...
Enriching Dex ID 140 from PokéAPI...
Enriching Dex ID 387 from PokéAPI...
Enriching Dex ID 284 from PokéAPI...
Enriching Dex ID 603 from PokéAPI...
Enriching Dex ID 203 from PokéAPI...
Enriching Dex ID 405 from PokéAPI...
Enriching Dex ID 50 from PokéAPI...
Enriching Dex ID 328 from PokéAPI...
Enriching Dex ID 449 from PokéAPI...
Enriching Dex ID 338 from PokéAPI...
Enriching Dex ID 162 from PokéAPI...
[16:52:04] Progress: 2300/20262 (11.4%) - Updates: 475
Enriching Dex ID 529 from PokéAPI...
Enriching Dex ID 1008 from PokéAPI...
Enriching Dex ID 823 from PokéAPI...
Enriching Dex ID 105 from PokéAPI...
Enriching Dex ID 727 from PokéAPI...
Enriching Dex ID 581 from PokéAPI...
Enriching Dex ID 489 from PokéAPI...
Enriching Dex ID 29 from PokéAPI...
Enriching Dex ID 848 from PokéAPI...
Enriching Dex ID 209 from PokéAPI...
Enriching Dex ID 946 from PokéAPI...
Enriching Dex ID 669 from PokéAPI...
[16:53:20] Progress: 2400/20262 (11.8%) - Updates: 487
Enriching Dex ID 436 from PokéAPI...
Enriching Dex ID 84 from PokéAPI...
Enriching Dex ID 520 from PokéAPI...
Enriching Dex ID 1015 from PokéAPI...
Enriching Dex ID 137 from PokéAPI...
Enriching Dex ID 178 from PokéAPI...
Enriching Dex ID 327 from PokéAPI...
Enriching Dex ID 104 from PokéAPI...
Enriching Dex ID 744 from PokéAPI...
Enriching Dex ID 287 from PokéAPI...
Enriching Dex ID 521 from PokéAPI...
Enriching Dex ID 210 from PokéAPI...
Enriching Dex ID 276 from PokéAPI...
Enriching Dex ID 536 from PokéAPI...
Enriching Dex ID 605 from PokéAPI...
Enriching Dex ID 170 from PokéAPI...
Enriching Dex ID 297 from PokéAPI...
[16:54:36] Progress: 2500/20262 (12.3%) - Updates: 504
Enriching Dex ID 835 from PokéAPI...
Enriching Dex ID 577 from PokéAPI...
Enriching Dex ID 706 from PokéAPI...
Enriching Dex ID 719 from PokéAPI...
Enriching Dex ID 463 from PokéAPI...
Enriching Dex ID 777 from PokéAPI...
Enriching Dex ID 898 from PokéAPI...
Enriching Dex ID 809 from PokéAPI...
Enriching Dex ID 570 from PokéAPI...
Enriching Dex ID 778 from PokéAPI...
Enriching Dex ID 531 from PokéAPI...
Enriching Dex ID 98 from PokéAPI...
Enriching Dex ID 938 from PokéAPI...
Enriching Dex ID 574 from PokéAPI...
Enriching Dex ID 676 from PokéAPI...
Enriching Dex ID 27 from PokéAPI...
[16:55:51] Progress: 2600/20262 (12.8%) - Updates: 520
Enriching Dex ID 311 from PokéAPI...
Enriching Dex ID 195 from PokéAPI...
Enriching Dex ID 705 from PokéAPI...
Enriching Dex ID 79 from PokéAPI...
Enriching Dex ID 237 from PokéAPI...
Enriching Dex ID 745 from PokéAPI...
Enriching Dex ID 434 from PokéAPI...
Enriching Dex ID 878 from PokéAPI...
Enriching Dex ID 939 from PokéAPI...
Enriching Dex ID 907 from PokéAPI...
Enriching Dex ID 611 from PokéAPI...
[16:57:15] Progress: 2700/20262 (13.3%) - Updates: 531
Enriching Dex ID 278 from PokéAPI...
Enriching Dex ID 401 from PokéAPI...
Enriching Dex ID 360 from PokéAPI...
Enriching Dex ID 88 from PokéAPI...
Enriching Dex ID 908 from PokéAPI...
Enriching Dex ID 164 from PokéAPI...
Enriching Dex ID 167 from PokéAPI...
Enriching Dex ID 473 from PokéAPI...
Enriching Dex ID 208 from PokéAPI...
[16:58:31] Progress: 2800/20262 (13.8%) - Updates: 540
Enriching Dex ID 223 from PokéAPI...
Enriching Dex ID 940 from PokéAPI...
Enriching Dex ID 306 from PokéAPI...
Enriching Dex ID 955 from PokéAPI...
Enriching Dex ID 425 from PokéAPI...
Enriching Dex ID 161 from PokéAPI...
Enriching Dex ID 64 from PokéAPI...
Enriching Dex ID 506 from PokéAPI...
[16:59:44] Progress: 2900/20262 (14.3%) - Updates: 548
Enriching Dex ID 1023 from PokéAPI...
Enriching Dex ID 912 from PokéAPI...
Enriching Dex ID 716 from PokéAPI...
Enriching Dex ID 486 from PokéAPI...
Enriching Dex ID 941 from PokéAPI...
Enriching Dex ID 194 from PokéAPI...
Enriching Dex ID 307 from PokéAPI...
Enriching Dex ID 242 from PokéAPI...
Enriching Dex ID 191 from PokéAPI...
Enriching Dex ID 721 from PokéAPI...
[17:00:57] Progress: 3000/20262 (14.8%) - Updates: 558
Enriching Dex ID 509 from PokéAPI...
Enriching Dex ID 551 from PokéAPI...
Enriching Dex ID 427 from PokéAPI...
Enriching Dex ID 872 from PokéAPI...
Enriching Dex ID 475 from PokéAPI...
Enriching Dex ID 442 from PokéAPI...
Enriching Dex ID 724 from PokéAPI...
Enriching Dex ID 1016 from PokéAPI...
Enriching Dex ID 572 from PokéAPI...
[17:02:12] Progress: 3100/20262 (15.3%) - Updates: 567
Enriching Dex ID 468 from PokéAPI...
Enriching Dex ID 16 from PokéAPI...
Enriching Dex ID 573 from PokéAPI...
Enriching Dex ID 674 from PokéAPI...
Enriching Dex ID 428 from PokéAPI...
Enriching Dex ID 199 from PokéAPI...
Enriching Dex ID 263 from PokéAPI...
Enriching Dex ID 83 from PokéAPI...
Enriching Dex ID 610 from PokéAPI...
Enriching Dex ID 619 from PokéAPI...
[17:03:27] Progress: 3200/20262 (15.8%) - Updates: 577
Enriching Dex ID 320 from PokéAPI...
Enriching Dex ID 304 from PokéAPI...
Enriching Dex ID 495 from PokéAPI...
Enriching Dex ID 999 from PokéAPI...
Enriching Dex ID 623 from PokéAPI...
Enriching Dex ID 599 from PokéAPI...
[17:04:39] Progress: 3300/20262 (16.3%) - Updates: 583
Enriching Dex ID 303 from PokéAPI...
Enriching Dex ID 61 from PokéAPI...
Enriching Dex ID 217 from PokéAPI...
Enriching Dex ID 190 from PokéAPI...
Enriching Dex ID 769 from PokéAPI...
[17:05:50] Progress: 3400/20262 (16.8%) - Updates: 588
Enriching Dex ID 524 from PokéAPI...
Enriching Dex ID 399 from PokéAPI...
Enriching Dex ID 1007 from PokéAPI...
Enriching Dex ID 650 from PokéAPI...
Enriching Dex ID 377 from PokéAPI...
Enriching Dex ID 690 from PokéAPI...
Enriching Dex ID 232 from PokéAPI...
[17:07:08] Progress: 3500/20262 (17.3%) - Updates: 595
Enriching Dex ID 627 from PokéAPI...
Enriching Dex ID 704 from PokéAPI...
Enriching Dex ID 718 from PokéAPI...
[17:08:25] Progress: 3600/20262 (17.8%) - Updates: 598
Enriching Dex ID 344 from PokéAPI...
Enriching Dex ID 633 from PokéAPI...
Enriching Dex ID 702 from PokéAPI...
Enriching Dex ID 443 from PokéAPI...
Enriching Dex ID 230 from PokéAPI...
Enriching Dex ID 680 from PokéAPI...
Enriching Dex ID 640 from PokéAPI...
Enriching Dex ID 476 from PokéAPI...
Enriching Dex ID 444 from PokéAPI...
Enriching Dex ID 800 from PokéAPI...
Enriching Dex ID 464 from PokéAPI...
[17:09:46] Progress: 3700/20262 (18.3%) - Updates: 609
Enriching Dex ID 742 from PokéAPI...
Enriching Dex ID 110 from PokéAPI...
Enriching Dex ID 967 from PokéAPI...
Enriching Dex ID 493 from PokéAPI...
Enriching Dex ID 48 from PokéAPI...
Enriching Dex ID 743 from PokéAPI...
Enriching Dex ID 254 from PokéAPI...
Enriching Dex ID 499 from PokéAPI...
[17:11:03] Progress: 3800/20262 (18.8%) - Updates: 617
Enriching Dex ID 984 from PokéAPI...
Enriching Dex ID 378 from PokéAPI...
Enriching Dex ID 701 from PokéAPI...
Enriching Dex ID 855 from PokéAPI...
Enriching Dex ID 415 from PokéAPI...
Enriching Dex ID 679 from PokéAPI...
Enriching Dex ID 141 from PokéAPI...
[17:12:16] Progress: 3900/20262 (19.2%) - Updates: 624
Enriching Dex ID 157 from PokéAPI...
Enriching Dex ID 342 from PokéAPI...
Enriching Dex ID 770 from PokéAPI...
Enriching Dex ID 562 from PokéAPI...
Enriching Dex ID 971 from PokéAPI...
Enriching Dex ID 945 from PokéAPI...
Enriching Dex ID 637 from PokéAPI...
Enriching Dex ID 849 from PokéAPI...
Enriching Dex ID 236 from PokéAPI...
Enriching Dex ID 789 from PokéAPI...
[17:13:29] Progress: 4000/20262 (19.7%) - Updates: 634
Enriching Dex ID 299 from PokéAPI...
Enriching Dex ID 211 from PokéAPI...
Enriching Dex ID 715 from PokéAPI...
Enriching Dex ID 102 from PokéAPI...
Enriching Dex ID 928 from PokéAPI...
Enriching Dex ID 516 from PokéAPI...
Enriching Dex ID 957 from PokéAPI...
Enriching Dex ID 108 from PokéAPI...
Enriching Dex ID 396 from PokéAPI...
Enriching Dex ID 635 from PokéAPI...
Enriching Dex ID 958 from PokéAPI...
Enriching Dex ID 176 from PokéAPI...
[17:14:44] Progress: 4100/20262 (20.2%) - Updates: 646
Enriching Dex ID 510 from PokéAPI...
Enriching Dex ID 631 from PokéAPI...
Enriching Dex ID 349 from PokéAPI...
Enriching Dex ID 671 from PokéAPI...
Enriching Dex ID 300 from PokéAPI...
Enriching Dex ID 543 from PokéAPI...
Enriching Dex ID 950 from PokéAPI...
[17:15:59] Progress: 4200/20262 (20.7%) - Updates: 653
Enriching Dex ID 750 from PokéAPI...
Enriching Dex ID 658 from PokéAPI...
Enriching Dex ID 106 from PokéAPI...
Enriching Dex ID 241 from PokéAPI...
Enriching Dex ID 430 from PokéAPI...
Enriching Dex ID 462 from PokéAPI...
Enriching Dex ID 749 from PokéAPI...
Enriching Dex ID 703 from PokéAPI...
Enriching Dex ID 844 from PokéAPI...
[17:17:13] Progress: 4300/20262 (21.2%) - Updates: 662
Enriching Dex ID 339 from PokéAPI...
Enriching Dex ID 981 from PokéAPI...
Enriching Dex ID 877 from PokéAPI...
Enriching Dex ID 801 from PokéAPI...
Enriching Dex ID 1003 from PokéAPI...
Enriching Dex ID 642 from PokéAPI...
Enriching Dex ID 879 from PokéAPI...
[17:18:29] Progress: 4400/20262 (21.7%) - Updates: 669
Enriching Dex ID 707 from PokéAPI...
Enriching Dex ID 231 from PokéAPI...
Enriching Dex ID 759 from PokéAPI...
Enriching Dex ID 22 from PokéAPI...
Enriching Dex ID 621 from PokéAPI...
[17:19:46] Progress: 4500/20262 (22.2%) - Updates: 674
Enriching Dex ID 523 from PokéAPI...
Enriching Dex ID 861 from PokéAPI...
Enriching Dex ID 874 from PokéAPI...
Enriching Dex ID 301 from PokéAPI...
Enriching Dex ID 638 from PokéAPI...
Enriching Dex ID 739 from PokéAPI...
Enriching Dex ID 160 from PokéAPI...
Enriching Dex ID 748 from PokéAPI...
Enriching Dex ID 435 from PokéAPI...
Enriching Dex ID 565 from PokéAPI...
Enriching Dex ID 811 from PokéAPI...
Enriching Dex ID 30 from PokéAPI...
[17:20:58] Progress: 4600/20262 (22.7%) - Updates: 686
Enriching Dex ID 544 from PokéAPI...
Enriching Dex ID 31 from PokéAPI...
Enriching Dex ID 890 from PokéAPI...
Enriching Dex ID 432 from PokéAPI...
Enriching Dex ID 717 from PokéAPI...
Enriching Dex ID 569 from PokéAPI...
Enriching Dex ID 766 from PokéAPI...
[17:22:11] Progress: 4700/20262 (23.2%) - Updates: 693
Enriching Dex ID 452 from PokéAPI...
Enriching Dex ID 870 from PokéAPI...
Enriching Dex ID 843 from PokéAPI...
Enriching Dex ID 121 from PokéAPI...
Enriching Dex ID 295 from PokéAPI...
Enriching Dex ID 583 from PokéAPI...
Enriching Dex ID 828 from PokéAPI...
Enriching Dex ID 597 from PokéAPI...
Enriching Dex ID 517 from PokéAPI...
Enriching Dex ID 932 from PokéAPI...
Enriching Dex ID 960 from PokéAPI...
[17:23:27] Progress: 4800/20262 (23.7%) - Updates: 704
Enriching Dex ID 639 from PokéAPI...
Enriching Dex ID 352 from PokéAPI...
Enriching Dex ID 969 from PokéAPI...
Enriching Dex ID 379 from PokéAPI...
Enriching Dex ID 920 from PokéAPI...
Enriching Dex ID 235 from PokéAPI...
Enriching Dex ID 970 from PokéAPI...
Enriching Dex ID 485 from PokéAPI...
Enriching Dex ID 963 from PokéAPI...
Enriching Dex ID 17 from PokéAPI...
Enriching Dex ID 648 from PokéAPI...
[17:24:41] Progress: 4900/20262 (24.2%) - Updates: 715
Enriching Dex ID 234 from PokéAPI...
Enriching Dex ID 976 from PokéAPI...
Enriching Dex ID 978 from PokéAPI...
[17:25:54] Progress: 5000/20262 (24.7%) - Updates: 718
Enriching Dex ID 70 from PokéAPI...
Enriching Dex ID 538 from PokéAPI...
Enriching Dex ID 598 from PokéAPI...
Enriching Dex ID 1025 from PokéAPI...
Enriching Dex ID 274 from PokéAPI...
Enriching Dex ID 980 from PokéAPI...
Enriching Dex ID 886 from PokéAPI...
Enriching Dex ID 887 from PokéAPI...
[17:27:08] Progress: 5100/20262 (25.2%) - Updates: 726
Enriching Dex ID 286 from PokéAPI...
Enriching Dex ID 956 from PokéAPI...
Enriching Dex ID 781 from PokéAPI...
Enriching Dex ID 557 from PokéAPI...
Enriching Dex ID 559 from PokéAPI...
Enriching Dex ID 591 from PokéAPI...
[17:28:22] Progress: 5200/20262 (25.7%) - Updates: 732
Enriching Dex ID 740 from PokéAPI...
Enriching Dex ID 279 from PokéAPI...
Enriching Dex ID 860 from PokéAPI...
Enriching Dex ID 895 from PokéAPI...
Enriching Dex ID 404 from PokéAPI...
[17:29:33] Progress: 5300/20262 (26.2%) - Updates: 737
Enriching Dex ID 233 from PokéAPI...
Enriching Dex ID 858 from PokéAPI...
Enriching Dex ID 503 from PokéAPI...
[17:30:47] Progress: 5400/20262 (26.7%) - Updates: 740
Enriching Dex ID 482 from PokéAPI...
Enriching Dex ID 700 from PokéAPI...
Enriching Dex ID 601 from PokéAPI...
Enriching Dex ID 564 from PokéAPI...
Enriching Dex ID 402 from PokéAPI...
Enriching Dex ID 720 from PokéAPI...
Enriching Dex ID 694 from PokéAPI...
[17:31:58] Progress: 5500/20262 (27.1%) - Updates: 747
Enriching Dex ID 629 from PokéAPI...
Enriching Dex ID 480 from PokéAPI...
Enriching Dex ID 424 from PokéAPI...
Enriching Dex ID 398 from PokéAPI...
[17:33:11] Progress: 5600/20262 (27.6%) - Updates: 751
Enriching Dex ID 1014 from PokéAPI...
Enriching Dex ID 755 from PokéAPI...
Enriching Dex ID 765 from PokéAPI...
Enriching Dex ID 578 from PokéAPI...
Enriching Dex ID 819 from PokéAPI...
Enriching Dex ID 786 from PokéAPI...
Enriching Dex ID 760 from PokéAPI...
Enriching Dex ID 563 from PokéAPI...
[17:34:24] Progress: 5700/20262 (28.1%) - Updates: 759
Enriching Dex ID 670 from PokéAPI...
Enriching Dex ID 831 from PokéAPI...
Enriching Dex ID 892 from PokéAPI...
Enriching Dex ID 505 from PokéAPI...
Enriching Dex ID 533 from PokéAPI...
Enriching Dex ID 832 from PokéAPI...
Enriching Dex ID 792 from PokéAPI...
Enriching Dex ID 1024 from PokéAPI...
Enriching Dex ID 876 from PokéAPI...
Enriching Dex ID 944 from PokéAPI...
Enriching Dex ID 1005 from PokéAPI...
Enriching Dex ID 997 from PokéAPI...
[17:35:37] Progress: 5800/20262 (28.6%) - Updates: 771
Enriching Dex ID 508 from PokéAPI...
[17:36:48] Progress: 5900/20262 (29.1%) - Updates: 772
Enriching Dex ID 593 from PokéAPI...
Enriching Dex ID 931 from PokéAPI...
Enriching Dex ID 556 from PokéAPI...
Enriching Dex ID 288 from PokéAPI...
Enriching Dex ID 783 from PokéAPI...
[17:38:01] Progress: 6000/20262 (29.6%) - Updates: 777
Enriching Dex ID 731 from PokéAPI...
[17:39:10] Progress: 6100/20262 (30.1%) - Updates: 778
Enriching Dex ID 924 from PokéAPI...
Enriching Dex ID 264 from PokéAPI...
[17:40:23] Progress: 6200/20262 (30.6%) - Updates: 780
Enriching Dex ID 791 from PokéAPI...
Enriching Dex ID 446 from PokéAPI...
Enriching Dex ID 865 from PokéAPI...
Enriching Dex ID 903 from PokéAPI...
Enriching Dex ID 316 from PokéAPI...
[17:41:33] Progress: 6300/20262 (31.1%) - Updates: 785
Enriching Dex ID 859 from PokéAPI...
Enriching Dex ID 734 from PokéAPI...
Enriching Dex ID 915 from PokéAPI...
[17:42:46] Progress: 6400/20262 (31.6%) - Updates: 788
Enriching Dex ID 695 from PokéAPI...
Enriching Dex ID 863 from PokéAPI...
Enriching Dex ID 772 from PokéAPI...
Enriching Dex ID 421 from PokéAPI...
Enriching Dex ID 916 from PokéAPI...
Enriching Dex ID 973 from PokéAPI...
Enriching Dex ID 775 from PokéAPI...
Enriching Dex ID 826 from PokéAPI...
[17:43:57] Progress: 6500/20262 (32.1%) - Updates: 796
Enriching Dex ID 1013 from PokéAPI...
Enriching Dex ID 934 from PokéAPI...
Enriching Dex ID 851 from PokéAPI...
[17:45:08] Progress: 6600/20262 (32.6%) - Updates: 799
Enriching Dex ID 927 from PokéAPI...
Enriching Dex ID 213 from PokéAPI...
[17:46:20] Progress: 6700/20262 (33.1%) - Updates: 801
Enriching Dex ID 894 from PokéAPI...
Enriching Dex ID 862 from PokéAPI...
Enriching Dex ID 512 from PokéAPI...
Enriching Dex ID 842 from PokéAPI...
Enriching Dex ID 668 from PokéAPI...
Enriching Dex ID 988 from PokéAPI...
Enriching Dex ID 813 from PokéAPI...
Enriching Dex ID 814 from PokéAPI...
[17:47:29] Progress: 6800/20262 (33.6%) - Updates: 809
Enriching Dex ID 710 from PokéAPI...
Enriching Dex ID 547 from PokéAPI...
Enriching Dex ID 1021 from PokéAPI...
Enriching Dex ID 497 from PokéAPI...
Enriching Dex ID 998 from PokéAPI...
[17:48:38] Progress: 6900/20262 (34.1%) - Updates: 814
Enriching Dex ID 416 from PokéAPI...
Enriching Dex ID 1009 from PokéAPI...
Enriching Dex ID 954 from PokéAPI...
Enriching Dex ID 821 from PokéAPI...
[17:49:48] Progress: 7000/20262 (34.5%) - Updates: 818
Enriching Dex ID 806 from PokéAPI...
Enriching Dex ID 785 from PokéAPI...
Enriching Dex ID 966 from PokéAPI...
Enriching Dex ID 925 from PokéAPI...
Enriching Dex ID 818 from PokéAPI...
Enriching Dex ID 982 from PokéAPI...
[17:50:57] Progress: 7100/20262 (35.0%) - Updates: 824
Enriching Dex ID 962 from PokéAPI...
Enriching Dex ID 914 from PokéAPI...
Enriching Dex ID 391 from PokéAPI...
Enriching Dex ID 873 from PokéAPI...
Enriching Dex ID 987 from PokéAPI...
[17:52:08] Progress: 7200/20262 (35.5%) - Updates: 829
Enriching Dex ID 1004 from PokéAPI...
Enriching Dex ID 926 from PokéAPI...
Enriching Dex ID 820 from PokéAPI...
Enriching Dex ID 1002 from PokéAPI...
Enriching Dex ID 1006 from PokéAPI...
[17:53:20] Progress: 7300/20262 (36.0%) - Updates: 834
Enriching Dex ID 830 from PokéAPI...
Enriching Dex ID 989 from PokéAPI...
[17:54:29] Progress: 7400/20262 (36.5%) - Updates: 836
Enriching Dex ID 488 from PokéAPI...
Enriching Dex ID 496 from PokéAPI...
Enriching Dex ID 532 from PokéAPI...
Enriching Dex ID 979 from PokéAPI...
Enriching Dex ID 267 from PokéAPI...
Enriching Dex ID 773 from PokéAPI...
Enriching Dex ID 787 from PokéAPI...
Enriching Dex ID 413 from PokéAPI...
Enriching Dex ID 182 from PokéAPI...
[17:55:45] Progress: 7500/20262 (37.0%) - Updates: 845
Enriching Dex ID 346 from PokéAPI...
Enriching Dex ID 589 from PokéAPI...
Enriching Dex ID 712 from PokéAPI...
Enriching Dex ID 501 from PokéAPI...
Enriching Dex ID 550 from PokéAPI...
Enriching Dex ID 615 from PokéAPI...
Enriching Dex ID 808 from PokéAPI...
[17:57:00] Progress: 7600/20262 (37.5%) - Updates: 852
Enriching Dex ID 869 from PokéAPI...
Enriching Dex ID 392 from PokéAPI...
Enriching Dex ID 502 from PokéAPI...
Enriching Dex ID 467 from PokéAPI...
Enriching Dex ID 365 from PokéAPI...
Enriching Dex ID 62 from PokéAPI...
Enriching Dex ID 951 from PokéAPI...
Enriching Dex ID 321 from PokéAPI...
Enriching Dex ID 298 from PokéAPI...
Enriching Dex ID 49 from PokéAPI...
Enriching Dex ID 238 from PokéAPI...
Enriching Dex ID 952 from PokéAPI...
Enriching Dex ID 159 from PokéAPI...
[17:58:14] Progress: 7700/20262 (38.0%) - Updates: 865
Enriching Dex ID 91 from PokéAPI...
Enriching Dex ID 614 from PokéAPI...
Enriching Dex ID 853 from PokéAPI...
Enriching Dex ID 983 from PokéAPI...
Enriching Dex ID 836 from PokéAPI...
[17:59:31] Progress: 7800/20262 (38.5%) - Updates: 870
Enriching Dex ID 768 from PokéAPI...
Enriching Dex ID 726 from PokéAPI...
Enriching Dex ID 736 from PokéAPI...
Enriching Dex ID 816 from PokéAPI...
Enriching Dex ID 431 from PokéAPI...
[18:00:43] Progress: 7900/20262 (39.0%) - Updates: 875
Enriching Dex ID 224 from PokéAPI...
Enriching Dex ID 186 from PokéAPI...
Enriching Dex ID 518 from PokéAPI...
Enriching Dex ID 990 from PokéAPI...
Enriching Dex ID 266 from PokéAPI...
[18:01:56] Progress: 8000/20262 (39.5%) - Updates: 918
[18:03:08] Progress: 8100/20262 (40.0%) - Updates: 934
Enriching Dex ID 606 from PokéAPI...
Enriching Dex ID 933 from PokéAPI...
[18:04:18] Progress: 8200/20262 (40.5%) - Updates: 954
Enriching Dex ID 763 from PokéAPI...
[18:05:31] Progress: 8300/20262 (41.0%) - Updates: 986
Enriching Dex ID 345 from PokéAPI...
Enriching Dex ID 388 from PokéAPI...
[18:06:48] Progress: 8400/20262 (41.5%) - Updates: 1055
Enriching Dex ID 654 from PokéAPI...
Enriching Dex ID 575 from PokéAPI...
Enriching Dex ID 457 from PokéAPI...
Enriching Dex ID 260 from PokéAPI...
Enriching Dex ID 977 from PokéAPI...
Enriching Dex ID 411 from PokéAPI...
Enriching Dex ID 514 from PokéAPI...
Enriching Dex ID 834 from PokéAPI...
Enriching Dex ID 653 from PokéAPI...
Enriching Dex ID 824 from PokéAPI...
Enriching Dex ID 585 from PokéAPI...
Enriching Dex ID 515 from PokéAPI...
Enriching Dex ID 996 from PokéAPI...
[18:08:01] Progress: 8500/20262 (42.0%) - Updates: 1114
Enriching Dex ID 918 from PokéAPI...
Enriching Dex ID 1001 from PokéAPI...
Enriching Dex ID 283 from PokéAPI...
Enriching Dex ID 930 from PokéAPI...
Enriching Dex ID 174 from PokéAPI...
Enriching Dex ID 1018 from PokéAPI...
Enriching Dex ID 829 from PokéAPI...
Enriching Dex ID 474 from PokéAPI...
Enriching Dex ID 688 from PokéAPI...
[18:09:20] Progress: 8600/20262 (42.4%) - Updates: 1175
Enriching Dex ID 221 from PokéAPI...
Enriching Dex ID 362 from PokéAPI...
Enriching Dex ID 995 from PokéAPI...
Enriching Dex ID 277 from PokéAPI...
Enriching Dex ID 596 from PokéAPI...
Enriching Dex ID 579 from PokéAPI...
[18:10:36] Progress: 8700/20262 (42.9%) - Updates: 1232
Enriching Dex ID 153 from PokéAPI...
Enriching Dex ID 456 from PokéAPI...
Enriching Dex ID 472 from PokéAPI...
Enriching Dex ID 528 from PokéAPI...
Enriching Dex ID 99 from PokéAPI...
Enriching Dex ID 294 from PokéAPI...
Enriching Dex ID 1000 from PokéAPI...
Enriching Dex ID 366 from PokéAPI...
Enriching Dex ID 827 from PokéAPI...
Enriching Dex ID 902 from PokéAPI...
Enriching Dex ID 259 from PokéAPI...
[18:11:53] Progress: 8800/20262 (43.4%) - Updates: 1294
Enriching Dex ID 947 from PokéAPI...
Enriching Dex ID 693 from PokéAPI...
Enriching Dex ID 737 from PokéAPI...
Enriching Dex ID 913 from PokéAPI...
Enriching Dex ID 440 from PokéAPI...
Enriching Dex ID 537 from PokéAPI...
Enriching Dex ID 771 from PokéAPI...
Enriching Dex ID 961 from PokéAPI...
Enriching Dex ID 313 from PokéAPI...
Enriching Dex ID 975 from PokéAPI...
Enriching Dex ID 991 from PokéAPI...
Enriching Dex ID 347 from PokéAPI...
[18:13:12] Progress: 8900/20262 (43.9%) - Updates: 1347
Enriching Dex ID 992 from PokéAPI...
Enriching Dex ID 790 from PokéAPI...
Enriching Dex ID 943 from PokéAPI...
Enriching Dex ID 630 from PokéAPI...
Enriching Dex ID 408 from PokéAPI...
[18:14:26] Progress: 9000/20262 (44.4%) - Updates: 1403
Enriching Dex ID 857 from PokéAPI...
Enriching Dex ID 871 from PokéAPI...
Enriching Dex ID 73 from PokéAPI...
Enriching Dex ID 921 from PokéAPI...
Enriching Dex ID 539 from PokéAPI...
Enriching Dex ID 47 from PokéAPI...
Enriching Dex ID 71 from PokéAPI...
Enriching Dex ID 451 from PokéAPI...
Enriching Dex ID 370 from PokéAPI...
[18:15:43] Progress: 9100/20262 (44.9%) - Updates: 1464
Enriching Dex ID 764 from PokéAPI...
Enriching Dex ID 675 from PokéAPI...
Enriching Dex ID 397 from PokéAPI...
Enriching Dex ID 620 from PokéAPI...
[18:16:59] Progress: 9200/20262 (45.4%) - Updates: 1511
Enriching Dex ID 682 from PokéAPI...
Enriching Dex ID 188 from PokéAPI...
[18:18:14] Progress: 9300/20262 (45.9%) - Updates: 1567
Enriching Dex ID 867 from PokéAPI...
Enriching Dex ID 192 from PokéAPI...
Enriching Dex ID 953 from PokéAPI...
Enriching Dex ID 968 from PokéAPI...
Enriching Dex ID 406 from PokéAPI...
Enriching Dex ID 660 from PokéAPI...
[18:19:31] Progress: 9400/20262 (46.4%) - Updates: 1617
Enriching Dex ID 747 from PokéAPI...
Enriching Dex ID 439 from PokéAPI...
Enriching Dex ID 986 from PokéAPI...
Enriching Dex ID 525 from PokéAPI...
Enriching Dex ID 558 from PokéAPI...
[18:20:49] Progress: 9500/20262 (46.9%) - Updates: 1670
Enriching Dex ID 788 from PokéAPI...
Enriching Dex ID 993 from PokéAPI...
Enriching Dex ID 841 from PokéAPI...
Enriching Dex ID 922 from PokéAPI...
[18:22:00] Progress: 9600/20262 (47.4%) - Updates: 1730
Enriching Dex ID 1020 from PokéAPI...
Enriching Dex ID 166 from PokéAPI...
Enriching Dex ID 567 from PokéAPI...
Enriching Dex ID 937 from PokéAPI...
Enriching Dex ID 685 from PokéAPI...
[18:23:14] Progress: 9700/20262 (47.9%) - Updates: 1787
Enriching Dex ID 822 from PokéAPI...
Enriching Dex ID 586 from PokéAPI...
[18:24:23] Progress: 9800/20262 (48.4%) - Updates: 1828
Enriching Dex ID 594 from PokéAPI...
Enriching Dex ID 972 from PokéAPI...
Enriching Dex ID 1012 from PokéAPI...
[18:25:35] Progress: 9900/20262 (48.9%) - Updates: 1878
Enriching Dex ID 899 from PokéAPI...
Enriching Dex ID 825 from PokéAPI...
Enriching Dex ID 994 from PokéAPI...
Enriching Dex ID 458 from PokéAPI...
Enriching Dex ID 767 from PokéAPI...
Enriching Dex ID 1022 from PokéAPI...
[18:26:46] Progress: 10000/20262 (49.4%) - Updates: 1938
Enriching Dex ID 900 from PokéAPI...
Enriching Dex ID 779 from PokéAPI...
Enriching Dex ID 774 from PokéAPI...
[18:27:54] Progress: 10100/20262 (49.8%) - Updates: 2003
Enriching Dex ID 923 from PokéAPI...
Enriching Dex ID 810 from PokéAPI...
[18:29:01] Progress: 10200/20262 (50.3%) - Updates: 2060
Enriching Dex ID 184 from PokéAPI...
[18:30:12] Progress: 10300/20262 (50.8%) - Updates: 2093
[18:31:20] Progress: 10400/20262 (51.3%) - Updates: 2148
Enriching Dex ID 225 from PokéAPI...
Enriching Dex ID 728 from PokéAPI...
Enriching Dex ID 756 from PokéAPI...
Enriching Dex ID 797 from PokéAPI...
[18:32:34] Progress: 10500/20262 (51.8%) - Updates: 2187
Enriching Dex ID 812 from PokéAPI...
Enriching Dex ID 414 from PokéAPI...
Enriching Dex ID 664 from PokéAPI...
Enriching Dex ID 866 from PokéAPI...
[18:33:58] Progress: 10600/20262 (52.3%) - Updates: 2224
Enriching Dex ID 833 from PokéAPI...
Enriching Dex ID 883 from PokéAPI...
Enriching Dex ID 846 from PokéAPI...
Enriching Dex ID 847 from PokéAPI...
Enriching Dex ID 665 from PokéAPI...
[18:35:20] Progress: 10700/20262 (52.8%) - Updates: 2262
Enriching Dex ID 423 from PokéAPI...
Enriching Dex ID 881 from PokéAPI...
Enriching Dex ID 617 from PokéAPI...
Enriching Dex ID 268 from PokéAPI...
Enriching Dex ID 854 from PokéAPI...
Enriching Dex ID 856 from PokéAPI...
Enriching Dex ID 410 from PokéAPI...
[18:36:42] Progress: 10800/20262 (53.3%) - Updates: 2302
Enriching Dex ID 885 from PokéAPI...
Enriching Dex ID 185 from PokéAPI...
Enriching Dex ID 269 from PokéAPI...
Enriching Dex ID 651 from PokéAPI...
Enriching Dex ID 666 from PokéAPI...
[18:38:06] Progress: 10900/20262 (53.8%) - Updates: 2340
Enriching Dex ID 652 from PokéAPI...
Enriching Dex ID 317 from PokéAPI...
[18:39:25] Progress: 11000/20262 (54.3%) - Updates: 2367
Enriching Dex ID 673 from PokéAPI...
Enriching Dex ID 803 from PokéAPI...
Enriching Dex ID 796 from PokéAPI...
[18:40:49] Progress: 11100/20262 (54.8%) - Updates: 2401
[18:42:08] Progress: 11200/20262 (55.3%) - Updates: 2441
Enriching Dex ID 754 from PokéAPI...
Enriching Dex ID 672 from PokéAPI...
Enriching Dex ID 893 from PokéAPI...
Enriching Dex ID 794 from PokéAPI...
Enriching Dex ID 799 from PokéAPI...
[18:43:31] Progress: 11300/20262 (55.8%) - Updates: 2485
Enriching Dex ID 798 from PokéAPI...
Enriching Dex ID 368 from PokéAPI...
Enriching Dex ID 314 from PokéAPI...
[18:44:54] Progress: 11400/20262 (56.3%) - Updates: 2528
Enriching Dex ID 795 from PokéAPI...
Enriching Dex ID 367 from PokéAPI...
Enriching Dex ID 793 from PokéAPI...
Enriching Dex ID 804 from PokéAPI...
[18:46:16] Progress: 11500/20262 (56.8%) - Updates: 2571
[18:47:37] Progress: 11600/20262 (57.3%) - Updates: 2611
Enriching Dex ID 678 from PokéAPI...
[18:49:03] Progress: 11700/20262 (57.7%) - Updates: 2647
Enriching Dex ID 698 from PokéAPI...
[18:50:28] Progress: 11800/20262 (58.2%) - Updates: 2693
Enriching Dex ID 839 from PokéAPI...
Enriching Dex ID 699 from PokéAPI...
[18:51:54] Progress: 11900/20262 (58.7%) - Updates: 2734
Enriching Dex ID 422 from PokéAPI...
[18:53:19] Progress: 12000/20262 (59.2%) - Updates: 2779
Enriching Dex ID 340 from PokéAPI...
Enriching Dex ID 850 from PokéAPI...
Enriching Dex ID 584 from PokéAPI...
Enriching Dex ID 713 from PokéAPI...
[18:54:43] Progress: 12100/20262 (59.7%) - Updates: 2818
[18:56:08] Progress: 12200/20262 (60.2%) - Updates: 2858
Enriching Dex ID 534 from PokéAPI...
Enriching Dex ID 545 from PokéAPI...
[18:57:32] Progress: 12300/20262 (60.7%) - Updates: 2903
Enriching Dex ID 817 from PokéAPI...
Enriching Dex ID 985 from PokéAPI...
Enriching Dex ID 730 from PokéAPI...
[18:58:59] Progress: 12400/20262 (61.2%) - Updates: 2939
Enriching Dex ID 576 from PokéAPI...
[19:00:25] Progress: 12500/20262 (61.7%) - Updates: 2966
Enriching Dex ID 711 from PokéAPI...
[19:01:53] Progress: 12600/20262 (62.2%) - Updates: 3002
Enriching Dex ID 604 from PokéAPI...
Enriching Dex ID 752 from PokéAPI...
[19:03:18] Progress: 12700/20262 (62.7%) - Updates: 3054
Enriching Dex ID 689 from PokéAPI...
[19:04:43] Progress: 12800/20262 (63.2%) - Updates: 3093
Enriching Dex ID 526 from PokéAPI...
[19:06:04] Progress: 12900/20262 (63.7%) - Updates: 3133
[19:07:35] Progress: 13000/20262 (64.2%) - Updates: 3171
Enriching Dex ID 691 from PokéAPI...
[19:08:59] Progress: 13100/20262 (64.7%) - Updates: 3217
[19:10:24] Progress: 13200/20262 (65.1%) - Updates: 3250
Enriching Dex ID 880 from PokéAPI...
[19:11:45] Progress: 13300/20262 (65.6%) - Updates: 3292
[19:13:12] Progress: 13400/20262 (66.1%) - Updates: 3339
[19:14:33] Progress: 13500/20262 (66.6%) - Updates: 3381
[19:15:58] Progress: 13600/20262 (67.1%) - Updates: 3424
[19:17:20] Progress: 13700/20262 (67.6%) - Updates: 3461
Enriching Dex ID 729 from PokéAPI...
[19:18:46] Progress: 13800/20262 (68.1%) - Updates: 3505
Enriching Dex ID 696 from PokéAPI...
[19:20:07] Progress: 13900/20262 (68.6%) - Updates: 3547
Enriching Dex ID 864 from PokéAPI...
[19:21:30] Progress: 14000/20262 (69.1%) - Updates: 3589
Enriching Dex ID 905 from PokéAPI...
[19:22:52] Progress: 14100/20262 (69.6%) - Updates: 3623
[19:24:16] Progress: 14200/20262 (70.1%) - Updates: 3660
Enriching Dex ID 929 from PokéAPI...
[19:25:37] Progress: 14300/20262 (70.6%) - Updates: 3709
[19:26:55] Progress: 14400/20262 (71.1%) - Updates: 3763
[19:28:19] Progress: 14500/20262 (71.6%) - Updates: 3801
[19:29:38] Progress: 14600/20262 (72.1%) - Updates: 3839
[19:31:01] Progress: 14700/20262 (72.5%) - Updates: 3878
[19:32:25] Progress: 14800/20262 (73.0%) - Updates: 3920
[19:33:49] Progress: 14900/20262 (73.5%) - Updates: 3966
[19:35:09] Progress: 15000/20262 (74.0%) - Updates: 4016
Enriching Dex ID 433 from PokéAPI...
[19:36:29] Progress: 15100/20262 (74.5%) - Updates: 4059
Enriching Dex ID 868 from PokéAPI...
[19:37:50] Progress: 15200/20262 (75.0%) - Updates: 4104
[19:39:14] Progress: 15300/20262 (75.5%) - Updates: 4146
[19:40:33] Progress: 15400/20262 (76.0%) - Updates: 4188
[19:41:51] Progress: 15500/20262 (76.5%) - Updates: 4227
Enriching Dex ID 838 from PokéAPI...
[19:43:08] Progress: 15600/20262 (77.0%) - Updates: 4266
[19:44:27] Progress: 15700/20262 (77.5%) - Updates: 4309
[19:45:45] Progress: 15800/20262 (78.0%) - Updates: 4341
Enriching Dex ID 784 from PokéAPI...
[19:47:04] Progress: 15900/20262 (78.5%) - Updates: 4396
Enriching Dex ID 837 from PokéAPI...
[19:48:25] Progress: 16000/20262 (79.0%) - Updates: 4434
Enriching Dex ID 697 from PokéAPI...
Enriching Dex ID 805 from PokéAPI...
[19:49:44] Progress: 16100/20262 (79.5%) - Updates: 4481
[19:51:01] Progress: 16200/20262 (80.0%) - Updates: 4519
Enriching Dex ID 438 from PokéAPI...
[19:52:18] Progress: 16300/20262 (80.4%) - Updates: 4556
[19:53:32] Progress: 16400/20262 (80.9%) - Updates: 4609
Enriching Dex ID 732 from PokéAPI...
[19:54:52] Progress: 16500/20262 (81.4%) - Updates: 4648
[19:56:14] Progress: 16600/20262 (81.9%) - Updates: 4689
Enriching Dex ID 733 from PokéAPI...
[19:57:33] Progress: 16700/20262 (82.4%) - Updates: 4731
[19:58:48] Progress: 16800/20262 (82.9%) - Updates: 4773
[20:00:05] Progress: 16900/20262 (83.4%) - Updates: 4818
Enriching Dex ID 910 from PokéAPI...
[20:01:22] Progress: 17000/20262 (83.9%) - Updates: 4873
[20:02:35] Progress: 17100/20262 (84.4%) - Updates: 4927
[20:03:53] Progress: 17200/20262 (84.9%) - Updates: 4980
[20:05:11] Progress: 17300/20262 (85.4%) - Updates: 5022
[20:06:30] Progress: 17400/20262 (85.9%) - Updates: 5067
[20:07:43] Progress: 17500/20262 (86.4%) - Updates: 5112
[20:08:54] Progress: 17600/20262 (86.9%) - Updates: 5161
[20:10:14] Progress: 17700/20262 (87.4%) - Updates: 5200
[20:11:33] Progress: 17800/20262 (87.8%) - Updates: 5234
[20:12:43] Progress: 17900/20262 (88.3%) - Updates: 5308
[20:14:03] Progress: 18000/20262 (88.8%) - Updates: 5384
[20:15:23] Progress: 18100/20262 (89.3%) - Updates: 5434
[20:16:45] Progress: 18200/20262 (89.8%) - Updates: 5473
[20:18:05] Progress: 18300/20262 (90.3%) - Updates: 5528
[20:19:24] Progress: 18400/20262 (90.8%) - Updates: 5586
[20:20:41] Progress: 18500/20262 (91.3%) - Updates: 5644
Enriching Dex ID 409 from PokéAPI...
[20:21:59] Progress: 18600/20262 (91.8%) - Updates: 5696
[20:23:12] Progress: 18700/20262 (92.3%) - Updates: 5760
[20:24:22] Progress: 18800/20262 (92.8%) - Updates: 5820
[20:25:30] Progress: 18900/20262 (93.3%) - Updates: 5868
[20:26:33] Progress: 19000/20262 (93.8%) - Updates: 5959
[20:27:39] Progress: 19100/20262 (94.3%) - Updates: 6053
Enriching Dex ID 882 from PokéAPI...
[20:28:59] Progress: 19200/20262 (94.8%) - Updates: 6100
[20:30:19] Progress: 19300/20262 (95.3%) - Updates: 6142
[20:31:40] Progress: 19400/20262 (95.7%) - Updates: 6199
[20:33:01] Progress: 19500/20262 (96.2%) - Updates: 6253
[20:34:23] Progress: 19600/20262 (96.7%) - Updates: 6305
[20:35:46] Progress: 19700/20262 (97.2%) - Updates: 6358
Enriching Dex ID 753 from PokéAPI...
[20:37:06] Progress: 19800/20262 (97.7%) - Updates: 6375
[20:38:25] Progress: 19900/20262 (98.2%) - Updates: 6375
[20:39:46] Progress: 20000/20262 (98.7%) - Updates: 6375
[20:41:02] Progress: 20100/20262 (99.2%) - Updates: 6375
[20:42:24] Progress: 20200/20262 (99.7%) - Updates: 6375
[20:43:15] Progress: 20262/20262 (100.0%) - Updates: 6375

========================================
✅ PRICE SYNC COMPLETED REPORT
========================================
Total Checked:      20262/20262
--------------------
Strategy Breakdown:
  - HOT            : 278
  - ENRICH         : 19984
--------------------
Cards Updated:      6375 (Triggered Delta)
Updates by Variant Type:
  - normal         : 940
  - reverse-holofoil: 619
  - holofoil       : 941
  - 1st-edition-holofoil: 5
  - unlimited-holofoil: 27
  - 1st-edition    : 138
  - unlimited      : 127
--------------------
Errors Encountered:
  - ConnectTimeout : 1
  - ReadTimeout    : 1
========================================

2026-03-02 21:43:16,196 [INFO] sync_job: Sync Job completed successfully in 15616.2 seconds.
2026-03-02 21:43:16,196 [INFO] sync_job: Local report saved to reports/sync_report_20260302_162300.md
2026-03-02 21:43:16,196 [INFO] sync_job: Sending report to webhook: https://n8n.entrats.com/webhook/ca56bfb3-6373-41ea-a64d-004f483038c4
2026-03-02 21:43:16,329 [ERROR] sync_job: Failed to send webhook to https://n8n.entrats.com/webhook/ca56bfb3-6373-41ea-a64d-004f483038c4: Redirect response '302 Found' for url 'https://n8n.entrats.com/webhook/ca56bfb3-6373-41ea-a64d-004f483038c4'
Redirect location: 'https://coopi.cloudflareaccess.com/cdn-cgi/access/login/n8n.entrats.com?kid=59a9582153693505d09d4ab14ed071e91cef80b4d040456e53391343a966dcc2&meta=eyJ0eXAiOiJKV1QiLCJhbGciOiJSUzI1NiIsImtpZCI6IjA2OWJhZjdlZDRhYzg5NzExNDZmYmQwODBhMGRkYTBmZTJmNjg0ZDNmZWVkMTZmYmIyMDEyMWU3N2MxMDhmOTcifQ.eyJ0eXBlIjoibWV0YSIsImF1ZCI6IjU5YTk1ODIxNTM2OTM1MDVkMDlkNGFiMTRlZDA3MWU5MWNlZjgwYjRkMDQwNDU2ZTUzMzkxMzQzYTk2NmRjYzIiLCJob3N0bmFtZSI6Im44bi5lbnRyYXRzLmNvbSIsInJlZGlyZWN0X3VybCI6Ii93ZWJob29rL2NhNTZiZmIzLTYzNzMtNDFlYS1hNjRkLTAwNGY0ODMwMzhjNCIsInNlcnZpY2VfdG9rZW5fc3RhdHVzIjpmYWxzZSwiaXNfd2FycCI6ZmFsc2UsImlzX2dhdGV3YXkiOmZhbHNlLCJleHAiOjE3NzI0ODQ0OTYsIm5iZiI6MTc3MjQ4NDE5NiwiaWF0IjoxNzcyNDg0MTk2LCJhdXRoX3N0YXR1cyI6Ik5PTkUiLCJtdGxzX2F1dGgiOnsiY2VydF9pc3N1ZXJfZG4iOiIiLCJjZXJ0X3NlcmlhbCI6IiIsImNlcnRfaXNzdWVyX3NraSI6IiIsImNlcnRfcHJlc2VudGVkIjpmYWxzZSwiY29tbW9uX25hbWUiOiIiLCJhdXRoX3N0YXR1cyI6Ik5PTkUifSwicmVhbF9jb3VudHJ5IjoiRVMiLCJhcHBfc2Vzc2lvbl9oYXNoIjoiNjQzZWEwYjYwMmEzNmIxZmZkNDAxMjMyNGFiMGFjYzg3ZDcwMjFlMzgxNDVhMTUxNjk2YzdmZDBhODFjMGEzZCJ9.nVVgC-EhHpO6GEnoCOjkWkoFaiOgBJm-XL1RceuQwsFK66_a83-_sFdzP2FoCcP1TvOplDJOopzQOAVhPzGClBrER2oC3SxDGmtiw1RjQ3nQ_M-ql9tclZZvqAK8lAMejLYR3cEmkg6AToKIWojdhfpSzV_fTN9BjzSULilw3ryAv7t3PoITf5CxQ_aYKq0jU3XIhQALkLkHwNV5n6COSETSNOVmZ3QVMT7mWIfRz7jNXjoDgGHiskO8JQKRdpT0e_kYbFjSs35rDgVwx_JSFpWgR0-I0nfpplIhbB9Vqijc6fYsEZLAY1fwpwbsxJ8LHM4N3OsT2H0CkHJe3y-F0A&redirect_url=%2Fwebhook%2Fca56bfb3-6373-41ea-a64d-004f483038c4'
For more information check: https://developer.mozilla.org/en-US/docs/Web/HTTP/Status/302
